<?xml version="1.0" encoding="UTF-8" ?>
<testsuite tests="2" failures="0" name="com.ibm.example.service.UserServiceTest" time="3.488" errors="0" skipped="0">
  <properties>
    <property name="java.runtime.name" value="Java(TM) SE Runtime Environment"/>
    <property name="sun.boot.library.path" value="D:\JavaDevelopement\Java\JDK\jre\bin"/>
    <property name="java.vm.version" value="25.40-b25"/>
    <property name="java.vm.vendor" value="Oracle Corporation"/>
    <property name="java.vendor.url" value="http://java.oracle.com/"/>
    <property name="path.separator" value=";"/>
    <property name="java.vm.name" value="Java HotSpot(TM) 64-Bit Server VM"/>
    <property name="file.encoding.pkg" value="sun.io"/>
    <property name="user.script" value=""/>
    <property name="user.country" value="US"/>
    <property name="sun.java.launcher" value="SUN_STANDARD"/>
    <property name="sun.os.patch.level" value=""/>
    <property name="java.vm.specification.name" value="Java Virtual Machine Specification"/>
    <property name="user.dir" value="E:\Developement\Workspace\MyEclipse_Workspace\MavenDemoService"/>
    <property name="java.runtime.version" value="1.8.0_40-b26"/>
    <property name="java.awt.graphicsenv" value="sun.awt.Win32GraphicsEnvironment"/>
    <property name="basedir" value="E:\Developement\Workspace\MyEclipse_Workspace\MavenDemoService"/>
    <property name="java.endorsed.dirs" value="D:\JavaDevelopement\Java\JDK\jre\lib\endorsed"/>
    <property name="os.arch" value="amd64"/>
    <property name="surefire.real.class.path" value="E:\Developement\Workspace\MyEclipse_Workspace\MavenDemoService\target\surefire\surefirebooter907112152338963032.jar"/>
    <property name="java.io.tmpdir" value="C:\Users\PC-Adam\AppData\Local\Temp\"/>
    <property name="line.separator" value="
"/>
    <property name="java.vm.specification.vendor" value="Oracle Corporation"/>
    <property name="user.variant" value=""/>
    <property name="os.name" value="Windows 8.1"/>
    <property name="sun.jnu.encoding" value="GBK"/>
    <property name="java.library.path" value="D:\JavaDevelopement\Java\JDK\jre\bin;C:\WINDOWS\Sun\Java\bin;C:\WINDOWS\system32;C:\WINDOWS;C:\Program Files\MySQL\MySQL Server 5.7\bin;D:\JavaDevelopement\DevelopeTools\Nexus_2.14\nexus-2.14.1-01\bin;D:\JavaDevelopement\Maven_3.0.3\bin;E:\Developement\Database\MySql5.0\bin;D:\AndroidDevelopment\SDK\platform-tools;D:\JavaDevelopement\Java\JDK_1.7\bin;C:\ProgramData\Oracle\Java\javapath;C:\WINDOWS\system32;C:\WINDOWS;C:\WINDOWS\System32\Wbem;C:\WINDOWS\System32\WindowsPowerShell\v1.0\;E:\Developement\Server\Git\cmd;E:\Developement\Server\Git\GnuPG\pub;D:\JavaDevelopement\DevelopeTools\Ant_1.9.7\bin;D:\JavaDevelopement\DevelopeTools\vim\vim\vim80;C:\Users\PC-Adam\AppData\Local\Microsoft\WindowsApps;."/>
    <property name="surefire.test.class.path" value="E:\Developement\Workspace\MyEclipse_Workspace\MavenDemoService\target\test-classes;E:\Developement\Workspace\MyEclipse_Workspace\MavenDemoService\target\generated-classes\cobertura;D:\JavaDevelopement\Maven_3.0.3\repos\localrepo\org\mortbay\jetty\jetty\6.1.26\jetty-6.1.26.jar;D:\JavaDevelopement\Maven_3.0.3\repos\localrepo\org\mortbay\jetty\jetty-util\6.1.26\jetty-util-6.1.26.jar;D:\JavaDevelopement\Maven_3.0.3\repos\localrepo\org\mortbay\jetty\servlet-api\2.5-20081211\servlet-api-2.5-20081211.jar;D:\JavaDevelopement\Maven_3.0.3\repos\localrepo\org\easymock\easymock\3.1\easymock-3.1.jar;D:\JavaDevelopement\Maven_3.0.3\repos\localrepo\cglib\cglib-nodep\2.2.2\cglib-nodep-2.2.2.jar;D:\JavaDevelopement\Maven_3.0.3\repos\localrepo\org\objenesis\objenesis\1.2\objenesis-1.2.jar;D:\JavaDevelopement\Maven_3.0.3\repos\localrepo\junit\junit\4.8.2\junit-4.8.2.jar;D:\JavaDevelopement\Maven_3.0.3\repos\localrepo\javax\servlet\servlet-api\2.4\servlet-api-2.4.jar;D:\JavaDevelopement\Maven_3.0.3\repos\localrepo\javax\servlet\jsp\jsp-api\2.1\jsp-api-2.1.jar;D:\JavaDevelopement\Maven_3.0.3\repos\localrepo\com\ibm\example\MavenDemoLog\0.0.1-SNAPSHOT\MavenDemoLog-0.0.1-SNAPSHOT.jar;D:\JavaDevelopement\Maven_3.0.3\repos\localrepo\commons-logging\commons-logging\1.1.1\commons-logging-1.1.1.jar;D:\JavaDevelopement\Maven_3.0.3\repos\localrepo\log4j\log4j\1.2.16\log4j-1.2.16.jar;D:\JavaDevelopement\Maven_3.0.3\repos\localrepo\com\ibm\example\MavenDemoCore\0.0.1-SNAPSHOT\MavenDemoCore-0.0.1-SNAPSHOT.jar;D:\JavaDevelopement\Maven_3.0.3\repos\localrepo\org\hibernate\hibernate-core\4.3.8.Final\hibernate-core-4.3.8.Final.jar;D:\JavaDevelopement\Maven_3.0.3\repos\localrepo\org\jboss\logging\jboss-logging\3.1.3.GA\jboss-logging-3.1.3.GA.jar;D:\JavaDevelopement\Maven_3.0.3\repos\localrepo\org\jboss\logging\jboss-logging-annotations\1.2.0.Beta1\jboss-logging-annotations-1.2.0.Beta1.jar;D:\JavaDevelopement\Maven_3.0.3\repos\localrepo\org\jboss\spec\javax\transaction\jboss-transaction-api_1.2_spec\1.0.0.Final\jboss-transaction-api_1.2_spec-1.0.0.Final.jar;D:\JavaDevelopement\Maven_3.0.3\repos\localrepo\dom4j\dom4j\1.6.1\dom4j-1.6.1.jar;D:\JavaDevelopement\Maven_3.0.3\repos\localrepo\xml-apis\xml-apis\1.0.b2\xml-apis-1.0.b2.jar;D:\JavaDevelopement\Maven_3.0.3\repos\localrepo\org\hibernate\common\hibernate-commons-annotations\4.0.5.Final\hibernate-commons-annotations-4.0.5.Final.jar;D:\JavaDevelopement\Maven_3.0.3\repos\localrepo\org\hibernate\javax\persistence\hibernate-jpa-2.1-api\1.0.0.Final\hibernate-jpa-2.1-api-1.0.0.Final.jar;D:\JavaDevelopement\Maven_3.0.3\repos\localrepo\org\javassist\javassist\3.18.1-GA\javassist-3.18.1-GA.jar;D:\JavaDevelopement\Maven_3.0.3\repos\localrepo\antlr\antlr\2.7.7\antlr-2.7.7.jar;D:\JavaDevelopement\Maven_3.0.3\repos\localrepo\org\jboss\jandex\1.1.0.Final\jandex-1.1.0.Final.jar;D:\JavaDevelopement\Maven_3.0.3\repos\localrepo\mysql\mysql-connector-java\5.1.38\mysql-connector-java-5.1.38.jar;D:\JavaDevelopement\Maven_3.0.3\repos\localrepo\joda-time\joda-time\2.9.4\joda-time-2.9.4.jar;D:\JavaDevelopement\Maven_3.0.3\repos\localrepo\org\slf4j\slf4j-api\1.6.6\slf4j-api-1.6.6.jar;D:\JavaDevelopement\Maven_3.0.3\repos\localrepo\org\apache\maven\plugins\maven-source-plugin\2.2.1\maven-source-plugin-2.2.1.jar;D:\JavaDevelopement\Maven_3.0.3\repos\localrepo\org\apache\maven\maven-model\2.0.9\maven-model-2.0.9.jar;D:\JavaDevelopement\Maven_3.0.3\repos\localrepo\org\apache\maven\maven-artifact\2.0.9\maven-artifact-2.0.9.jar;D:\JavaDevelopement\Maven_3.0.3\repos\localrepo\org\apache\maven\maven-plugin-api\2.0.9\maven-plugin-api-2.0.9.jar;D:\JavaDevelopement\Maven_3.0.3\repos\localrepo\org\apache\maven\maven-project\2.0.9\maven-project-2.0.9.jar;D:\JavaDevelopement\Maven_3.0.3\repos\localrepo\org\apache\maven\maven-settings\2.0.9\maven-settings-2.0.9.jar;D:\JavaDevelopement\Maven_3.0.3\repos\localrepo\org\apache\maven\maven-profile\2.0.9\maven-profile-2.0.9.jar;D:\JavaDevelopement\Maven_3.0.3\repos\localrepo\org\apache\maven\maven-artifact-manager\2.0.9\maven-artifact-manager-2.0.9.jar;D:\JavaDevelopement\Maven_3.0.3\repos\localrepo\org\apache\maven\maven-repository-metadata\2.0.9\maven-repository-metadata-2.0.9.jar;D:\JavaDevelopement\Maven_3.0.3\repos\localrepo\org\apache\maven\wagon\wagon-provider-api\1.0-beta-2\wagon-provider-api-1.0-beta-2.jar;D:\JavaDevelopement\Maven_3.0.3\repos\localrepo\org\apache\maven\maven-plugin-registry\2.0.9\maven-plugin-registry-2.0.9.jar;D:\JavaDevelopement\Maven_3.0.3\repos\localrepo\org\codehaus\plexus\plexus-container-default\1.0-alpha-9-stable-1\plexus-container-default-1.0-alpha-9-stable-1.jar;D:\JavaDevelopement\Maven_3.0.3\repos\localrepo\classworlds\classworlds\1.1-alpha-2\classworlds-1.1-alpha-2.jar;D:\JavaDevelopement\Maven_3.0.3\repos\localrepo\org\apache\maven\maven-archiver\2.5\maven-archiver-2.5.jar;D:\JavaDevelopement\Maven_3.0.3\repos\localrepo\org\apache\maven\maven-core\2.0.6\maven-core-2.0.6.jar;D:\JavaDevelopement\Maven_3.0.3\repos\localrepo\org\apache\maven\wagon\wagon-file\1.0-beta-2\wagon-file-1.0-beta-2.jar;D:\JavaDevelopement\Maven_3.0.3\repos\localrepo\org\apache\maven\maven-plugin-parameter-documenter\2.0.6\maven-plugin-parameter-documenter-2.0.6.jar;D:\JavaDevelopement\Maven_3.0.3\repos\localrepo\org\apache\maven\wagon\wagon-http-lightweight\1.0-beta-2\wagon-http-lightweight-1.0-beta-2.jar;D:\JavaDevelopement\Maven_3.0.3\repos\localrepo\org\apache\maven\wagon\wagon-http-shared\1.0-beta-2\wagon-http-shared-1.0-beta-2.jar;D:\JavaDevelopement\Maven_3.0.3\repos\localrepo\jtidy\jtidy\4aug2000r7-dev\jtidy-4aug2000r7-dev.jar;D:\JavaDevelopement\Maven_3.0.3\repos\localrepo\org\apache\maven\reporting\maven-reporting-api\2.0.6\maven-reporting-api-2.0.6.jar;D:\JavaDevelopement\Maven_3.0.3\repos\localrepo\org\apache\maven\doxia\doxia-sink-api\1.0-alpha-7\doxia-sink-api-1.0-alpha-7.jar;D:\JavaDevelopement\Maven_3.0.3\repos\localrepo\org\apache\maven\maven-error-diagnostics\2.0.6\maven-error-diagnostics-2.0.6.jar;D:\JavaDevelopement\Maven_3.0.3\repos\localrepo\commons-cli\commons-cli\1.0\commons-cli-1.0.jar;D:\JavaDevelopement\Maven_3.0.3\repos\localrepo\org\apache\maven\wagon\wagon-ssh-external\1.0-beta-2\wagon-ssh-external-1.0-beta-2.jar;D:\JavaDevelopement\Maven_3.0.3\repos\localrepo\org\apache\maven\wagon\wagon-ssh-common\1.0-beta-2\wagon-ssh-common-1.0-beta-2.jar;D:\JavaDevelopement\Maven_3.0.3\repos\localrepo\org\apache\maven\maven-plugin-descriptor\2.0.6\maven-plugin-descriptor-2.0.6.jar;D:\JavaDevelopement\Maven_3.0.3\repos\localrepo\org\codehaus\plexus\plexus-interactivity-api\1.0-alpha-4\plexus-interactivity-api-1.0-alpha-4.jar;D:\JavaDevelopement\Maven_3.0.3\repos\localrepo\org\apache\maven\maven-monitor\2.0.6\maven-monitor-2.0.6.jar;D:\JavaDevelopement\Maven_3.0.3\repos\localrepo\org\apache\maven\wagon\wagon-ssh\1.0-beta-2\wagon-ssh-1.0-beta-2.jar;D:\JavaDevelopement\Maven_3.0.3\repos\localrepo\com\jcraft\jsch\0.1.27\jsch-0.1.27.jar;D:\JavaDevelopement\Maven_3.0.3\repos\localrepo\org\codehaus\plexus\plexus-interpolation\1.15\plexus-interpolation-1.15.jar;D:\JavaDevelopement\Maven_3.0.3\repos\localrepo\org\codehaus\plexus\plexus-archiver\2.2\plexus-archiver-2.2.jar;D:\JavaDevelopement\Maven_3.0.3\repos\localrepo\org\codehaus\plexus\plexus-io\2.0.4\plexus-io-2.0.4.jar;D:\JavaDevelopement\Maven_3.0.3\repos\localrepo\org\codehaus\plexus\plexus-utils\3.0.8\plexus-utils-3.0.8.jar;D:\JavaDevelopement\Maven_3.0.3\repos\localrepo\net\sourceforge\cobertura\cobertura\2.1.1\cobertura-2.1.1.jar;D:\JavaDevelopement\Maven_3.0.3\repos\localrepo\jaxen\jaxen\1.1.4\jaxen-1.1.4.jar;D:\JavaDevelopement\Maven_3.0.3\repos\localrepo\org\apache\ant\ant\1.8.3\ant-1.8.3.jar;D:\JavaDevelopement\Maven_3.0.3\repos\localrepo\org\apache\ant\ant-launcher\1.8.3\ant-launcher-1.8.3.jar;D:\JavaDevelopement\Maven_3.0.3\repos\localrepo\org\apache\ant\ant-junit\1.8.3\ant-junit-1.8.3.jar;D:\JavaDevelopement\Maven_3.0.3\repos\localrepo\org\mortbay\jetty\servlet-api-2.5\6.1.14\servlet-api-2.5-6.1.14.jar;D:\JavaDevelopement\Java\JDK\jre\..\lib\tools.jar;D:\JavaDevelopement\Maven_3.0.3\repos\localrepo\ch\qos\logback\logback-classic\1.0.13\logback-classic-1.0.13.jar;D:\JavaDevelopement\Maven_3.0.3\repos\localrepo\ch\qos\logback\logback-core\1.0.13\logback-core-1.0.13.jar;D:\JavaDevelopement\Maven_3.0.3\repos\localrepo\org\apache\commons\commons-lang3\3.3.2\commons-lang3-3.3.2.jar;"/>
    <property name="java.specification.name" value="Java Platform API Specification"/>
    <property name="java.class.version" value="52.0"/>
    <property name="sun.management.compiler" value="HotSpot 64-Bit Tiered Compilers"/>
    <property name="os.version" value="6.3"/>
    <property name="user.home" value="C:\Users\PC-Adam"/>
    <property name="user.timezone" value="Asia/Shanghai"/>
    <property name="java.awt.printerjob" value="sun.awt.windows.WPrinterJob"/>
    <property name="java.specification.version" value="1.8"/>
    <property name="file.encoding" value="GBK"/>
    <property name="user.name" value="PC-Adam"/>
    <property name="java.class.path" value="E:\Developement\Workspace\MyEclipse_Workspace\MavenDemoService\target\test-classes;E:\Developement\Workspace\MyEclipse_Workspace\MavenDemoService\target\generated-classes\cobertura;D:\JavaDevelopement\Maven_3.0.3\repos\localrepo\org\mortbay\jetty\jetty\6.1.26\jetty-6.1.26.jar;D:\JavaDevelopement\Maven_3.0.3\repos\localrepo\org\mortbay\jetty\jetty-util\6.1.26\jetty-util-6.1.26.jar;D:\JavaDevelopement\Maven_3.0.3\repos\localrepo\org\mortbay\jetty\servlet-api\2.5-20081211\servlet-api-2.5-20081211.jar;D:\JavaDevelopement\Maven_3.0.3\repos\localrepo\org\easymock\easymock\3.1\easymock-3.1.jar;D:\JavaDevelopement\Maven_3.0.3\repos\localrepo\cglib\cglib-nodep\2.2.2\cglib-nodep-2.2.2.jar;D:\JavaDevelopement\Maven_3.0.3\repos\localrepo\org\objenesis\objenesis\1.2\objenesis-1.2.jar;D:\JavaDevelopement\Maven_3.0.3\repos\localrepo\junit\junit\4.8.2\junit-4.8.2.jar;D:\JavaDevelopement\Maven_3.0.3\repos\localrepo\javax\servlet\servlet-api\2.4\servlet-api-2.4.jar;D:\JavaDevelopement\Maven_3.0.3\repos\localrepo\javax\servlet\jsp\jsp-api\2.1\jsp-api-2.1.jar;D:\JavaDevelopement\Maven_3.0.3\repos\localrepo\com\ibm\example\MavenDemoLog\0.0.1-SNAPSHOT\MavenDemoLog-0.0.1-SNAPSHOT.jar;D:\JavaDevelopement\Maven_3.0.3\repos\localrepo\commons-logging\commons-logging\1.1.1\commons-logging-1.1.1.jar;D:\JavaDevelopement\Maven_3.0.3\repos\localrepo\log4j\log4j\1.2.16\log4j-1.2.16.jar;D:\JavaDevelopement\Maven_3.0.3\repos\localrepo\com\ibm\example\MavenDemoCore\0.0.1-SNAPSHOT\MavenDemoCore-0.0.1-SNAPSHOT.jar;D:\JavaDevelopement\Maven_3.0.3\repos\localrepo\org\hibernate\hibernate-core\4.3.8.Final\hibernate-core-4.3.8.Final.jar;D:\JavaDevelopement\Maven_3.0.3\repos\localrepo\org\jboss\logging\jboss-logging\3.1.3.GA\jboss-logging-3.1.3.GA.jar;D:\JavaDevelopement\Maven_3.0.3\repos\localrepo\org\jboss\logging\jboss-logging-annotations\1.2.0.Beta1\jboss-logging-annotations-1.2.0.Beta1.jar;D:\JavaDevelopement\Maven_3.0.3\repos\localrepo\org\jboss\spec\javax\transaction\jboss-transaction-api_1.2_spec\1.0.0.Final\jboss-transaction-api_1.2_spec-1.0.0.Final.jar;D:\JavaDevelopement\Maven_3.0.3\repos\localrepo\dom4j\dom4j\1.6.1\dom4j-1.6.1.jar;D:\JavaDevelopement\Maven_3.0.3\repos\localrepo\xml-apis\xml-apis\1.0.b2\xml-apis-1.0.b2.jar;D:\JavaDevelopement\Maven_3.0.3\repos\localrepo\org\hibernate\common\hibernate-commons-annotations\4.0.5.Final\hibernate-commons-annotations-4.0.5.Final.jar;D:\JavaDevelopement\Maven_3.0.3\repos\localrepo\org\hibernate\javax\persistence\hibernate-jpa-2.1-api\1.0.0.Final\hibernate-jpa-2.1-api-1.0.0.Final.jar;D:\JavaDevelopement\Maven_3.0.3\repos\localrepo\org\javassist\javassist\3.18.1-GA\javassist-3.18.1-GA.jar;D:\JavaDevelopement\Maven_3.0.3\repos\localrepo\antlr\antlr\2.7.7\antlr-2.7.7.jar;D:\JavaDevelopement\Maven_3.0.3\repos\localrepo\org\jboss\jandex\1.1.0.Final\jandex-1.1.0.Final.jar;D:\JavaDevelopement\Maven_3.0.3\repos\localrepo\mysql\mysql-connector-java\5.1.38\mysql-connector-java-5.1.38.jar;D:\JavaDevelopement\Maven_3.0.3\repos\localrepo\joda-time\joda-time\2.9.4\joda-time-2.9.4.jar;D:\JavaDevelopement\Maven_3.0.3\repos\localrepo\org\slf4j\slf4j-api\1.6.6\slf4j-api-1.6.6.jar;D:\JavaDevelopement\Maven_3.0.3\repos\localrepo\org\apache\maven\plugins\maven-source-plugin\2.2.1\maven-source-plugin-2.2.1.jar;D:\JavaDevelopement\Maven_3.0.3\repos\localrepo\org\apache\maven\maven-model\2.0.9\maven-model-2.0.9.jar;D:\JavaDevelopement\Maven_3.0.3\repos\localrepo\org\apache\maven\maven-artifact\2.0.9\maven-artifact-2.0.9.jar;D:\JavaDevelopement\Maven_3.0.3\repos\localrepo\org\apache\maven\maven-plugin-api\2.0.9\maven-plugin-api-2.0.9.jar;D:\JavaDevelopement\Maven_3.0.3\repos\localrepo\org\apache\maven\maven-project\2.0.9\maven-project-2.0.9.jar;D:\JavaDevelopement\Maven_3.0.3\repos\localrepo\org\apache\maven\maven-settings\2.0.9\maven-settings-2.0.9.jar;D:\JavaDevelopement\Maven_3.0.3\repos\localrepo\org\apache\maven\maven-profile\2.0.9\maven-profile-2.0.9.jar;D:\JavaDevelopement\Maven_3.0.3\repos\localrepo\org\apache\maven\maven-artifact-manager\2.0.9\maven-artifact-manager-2.0.9.jar;D:\JavaDevelopement\Maven_3.0.3\repos\localrepo\org\apache\maven\maven-repository-metadata\2.0.9\maven-repository-metadata-2.0.9.jar;D:\JavaDevelopement\Maven_3.0.3\repos\localrepo\org\apache\maven\wagon\wagon-provider-api\1.0-beta-2\wagon-provider-api-1.0-beta-2.jar;D:\JavaDevelopement\Maven_3.0.3\repos\localrepo\org\apache\maven\maven-plugin-registry\2.0.9\maven-plugin-registry-2.0.9.jar;D:\JavaDevelopement\Maven_3.0.3\repos\localrepo\org\codehaus\plexus\plexus-container-default\1.0-alpha-9-stable-1\plexus-container-default-1.0-alpha-9-stable-1.jar;D:\JavaDevelopement\Maven_3.0.3\repos\localrepo\classworlds\classworlds\1.1-alpha-2\classworlds-1.1-alpha-2.jar;D:\JavaDevelopement\Maven_3.0.3\repos\localrepo\org\apache\maven\maven-archiver\2.5\maven-archiver-2.5.jar;D:\JavaDevelopement\Maven_3.0.3\repos\localrepo\org\apache\maven\maven-core\2.0.6\maven-core-2.0.6.jar;D:\JavaDevelopement\Maven_3.0.3\repos\localrepo\org\apache\maven\wagon\wagon-file\1.0-beta-2\wagon-file-1.0-beta-2.jar;D:\JavaDevelopement\Maven_3.0.3\repos\localrepo\org\apache\maven\maven-plugin-parameter-documenter\2.0.6\maven-plugin-parameter-documenter-2.0.6.jar;D:\JavaDevelopement\Maven_3.0.3\repos\localrepo\org\apache\maven\wagon\wagon-http-lightweight\1.0-beta-2\wagon-http-lightweight-1.0-beta-2.jar;D:\JavaDevelopement\Maven_3.0.3\repos\localrepo\org\apache\maven\wagon\wagon-http-shared\1.0-beta-2\wagon-http-shared-1.0-beta-2.jar;D:\JavaDevelopement\Maven_3.0.3\repos\localrepo\jtidy\jtidy\4aug2000r7-dev\jtidy-4aug2000r7-dev.jar;D:\JavaDevelopement\Maven_3.0.3\repos\localrepo\org\apache\maven\reporting\maven-reporting-api\2.0.6\maven-reporting-api-2.0.6.jar;D:\JavaDevelopement\Maven_3.0.3\repos\localrepo\org\apache\maven\doxia\doxia-sink-api\1.0-alpha-7\doxia-sink-api-1.0-alpha-7.jar;D:\JavaDevelopement\Maven_3.0.3\repos\localrepo\org\apache\maven\maven-error-diagnostics\2.0.6\maven-error-diagnostics-2.0.6.jar;D:\JavaDevelopement\Maven_3.0.3\repos\localrepo\commons-cli\commons-cli\1.0\commons-cli-1.0.jar;D:\JavaDevelopement\Maven_3.0.3\repos\localrepo\org\apache\maven\wagon\wagon-ssh-external\1.0-beta-2\wagon-ssh-external-1.0-beta-2.jar;D:\JavaDevelopement\Maven_3.0.3\repos\localrepo\org\apache\maven\wagon\wagon-ssh-common\1.0-beta-2\wagon-ssh-common-1.0-beta-2.jar;D:\JavaDevelopement\Maven_3.0.3\repos\localrepo\org\apache\maven\maven-plugin-descriptor\2.0.6\maven-plugin-descriptor-2.0.6.jar;D:\JavaDevelopement\Maven_3.0.3\repos\localrepo\org\codehaus\plexus\plexus-interactivity-api\1.0-alpha-4\plexus-interactivity-api-1.0-alpha-4.jar;D:\JavaDevelopement\Maven_3.0.3\repos\localrepo\org\apache\maven\maven-monitor\2.0.6\maven-monitor-2.0.6.jar;D:\JavaDevelopement\Maven_3.0.3\repos\localrepo\org\apache\maven\wagon\wagon-ssh\1.0-beta-2\wagon-ssh-1.0-beta-2.jar;D:\JavaDevelopement\Maven_3.0.3\repos\localrepo\com\jcraft\jsch\0.1.27\jsch-0.1.27.jar;D:\JavaDevelopement\Maven_3.0.3\repos\localrepo\org\codehaus\plexus\plexus-interpolation\1.15\plexus-interpolation-1.15.jar;D:\JavaDevelopement\Maven_3.0.3\repos\localrepo\org\codehaus\plexus\plexus-archiver\2.2\plexus-archiver-2.2.jar;D:\JavaDevelopement\Maven_3.0.3\repos\localrepo\org\codehaus\plexus\plexus-io\2.0.4\plexus-io-2.0.4.jar;D:\JavaDevelopement\Maven_3.0.3\repos\localrepo\org\codehaus\plexus\plexus-utils\3.0.8\plexus-utils-3.0.8.jar;D:\JavaDevelopement\Maven_3.0.3\repos\localrepo\net\sourceforge\cobertura\cobertura\2.1.1\cobertura-2.1.1.jar;D:\JavaDevelopement\Maven_3.0.3\repos\localrepo\jaxen\jaxen\1.1.4\jaxen-1.1.4.jar;D:\JavaDevelopement\Maven_3.0.3\repos\localrepo\org\apache\ant\ant\1.8.3\ant-1.8.3.jar;D:\JavaDevelopement\Maven_3.0.3\repos\localrepo\org\apache\ant\ant-launcher\1.8.3\ant-launcher-1.8.3.jar;D:\JavaDevelopement\Maven_3.0.3\repos\localrepo\org\apache\ant\ant-junit\1.8.3\ant-junit-1.8.3.jar;D:\JavaDevelopement\Maven_3.0.3\repos\localrepo\org\mortbay\jetty\servlet-api-2.5\6.1.14\servlet-api-2.5-6.1.14.jar;D:\JavaDevelopement\Java\JDK\jre\..\lib\tools.jar;D:\JavaDevelopement\Maven_3.0.3\repos\localrepo\ch\qos\logback\logback-classic\1.0.13\logback-classic-1.0.13.jar;D:\JavaDevelopement\Maven_3.0.3\repos\localrepo\ch\qos\logback\logback-core\1.0.13\logback-core-1.0.13.jar;D:\JavaDevelopement\Maven_3.0.3\repos\localrepo\org\apache\commons\commons-lang3\3.3.2\commons-lang3-3.3.2.jar;"/>
    <property name="java.vm.specification.version" value="1.8"/>
    <property name="sun.arch.data.model" value="64"/>
    <property name="java.home" value="D:\JavaDevelopement\Java\JDK\jre"/>
    <property name="sun.java.command" value="E:\Developement\Workspace\MyEclipse_Workspace\MavenDemoService\target\surefire\surefirebooter907112152338963032.jar E:\Developement\Workspace\MyEclipse_Workspace\MavenDemoService\target\surefire\surefire4261006286947343435tmp E:\Developement\Workspace\MyEclipse_Workspace\MavenDemoService\target\surefire\surefire2007583996422013934tmp"/>
    <property name="java.specification.vendor" value="Oracle Corporation"/>
    <property name="user.language" value="en"/>
    <property name="awt.toolkit" value="sun.awt.windows.WToolkit"/>
    <property name="java.vm.info" value="mixed mode"/>
    <property name="java.version" value="1.8.0_40"/>
    <property name="java.ext.dirs" value="D:\JavaDevelopement\Java\JDK\jre\lib\ext;C:\WINDOWS\Sun\Java\lib\ext"/>
    <property name="sun.boot.class.path" value="D:\JavaDevelopement\Java\JDK\jre\lib\endorsed\jaxb-api-2.2.jar;D:\JavaDevelopement\Java\JDK\jre\lib\endorsed\jaxws-api-2.2.1.jar;D:\JavaDevelopement\Java\JDK\jre\lib\resources.jar;D:\JavaDevelopement\Java\JDK\jre\lib\rt.jar;D:\JavaDevelopement\Java\JDK\jre\lib\sunrsasign.jar;D:\JavaDevelopement\Java\JDK\jre\lib\jsse.jar;D:\JavaDevelopement\Java\JDK\jre\lib\jce.jar;D:\JavaDevelopement\Java\JDK\jre\lib\charsets.jar;D:\JavaDevelopement\Java\JDK\jre\lib\jfr.jar;D:\JavaDevelopement\Java\JDK\jre\classes"/>
    <property name="java.vendor" value="Oracle Corporation"/>
    <property name="localRepository" value="D:\JavaDevelopement\Maven_3.0.3\repos\localrepo"/>
    <property name="file.separator" value="\"/>
    <property name="java.vendor.url.bug" value="http://bugreport.sun.com/bugreport/"/>
    <property name="sun.cpu.endian" value="little"/>
    <property name="sun.io.unicode.encoding" value="UnicodeLittle"/>
    <property name="sun.desktop" value="windows"/>
    <property name="sun.cpu.isalist" value="amd64"/>
  </properties>
  <testcase classname="com.ibm.example.service.UserServiceTest" name="testLoadUserByUserId" time="3.315"/>
  <testcase classname="com.ibm.example.service.UserServiceTest" name="testAdd" time="0.051"/>
</testsuite>